AH00558: apache2: Could not reliably determine the server's fully qualified domain name, using 172.20.0.3. Set the 'ServerName' directive globally to suppress this message
[Thu Jan 23 04:46:29.260215 2020] [mpm_prefork:notice] [pid 7] AH00163: Apache/2.4.25 (Debian) PHP/5.6.40 configured -- resuming normal operations
[Thu Jan 23 04:46:29.260680 2020] [core:notice] [pid 7] AH00094: Command line: '/usr/sbin/apache2 -D FOREGROUND'
AH00558: apache2: Could not reliably determine the server's fully qualified domain name, using 172.20.0.3. Set the 'ServerName' directive globally to suppress this message
[Thu Jan 23 05:23:50.333767 2020] [mpm_prefork:notice] [pid 7] AH00163: Apache/2.4.25 (Debian) PHP/5.6.40 configured -- resuming normal operations
[Thu Jan 23 05:23:50.334219 2020] [core:notice] [pid 7] AH00094: Command line: '/usr/sbin/apache2 -D FOREGROUND'
AH00558: apache2: Could not reliably determine the server's fully qualified domain name, using 172.20.0.3. Set the 'ServerName' directive globally to suppress this message
[Thu Jan 23 05:40:43.103920 2020] [core:warn] [pid 7] AH00098: pid file /var/run/apache2/apache2.pid overwritten -- Unclean shutdown of previous Apache run?
[Thu Jan 23 05:40:43.107077 2020] [mpm_prefork:notice] [pid 7] AH00163: Apache/2.4.25 (Debian) PHP/5.6.40 configured -- resuming normal operations
[Thu Jan 23 05:40:43.107935 2020] [core:notice] [pid 7] AH00094: Command line: '/usr/sbin/apache2 -D FOREGROUND'
[Thu Jan 23 06:07:16.822979 2020] [:error] [pid 29] [client 172.20.0.1:55208] script '/var/www/html/work.php' not found or unable to stat
[Thu Jan 23 06:08:38.126242 2020] [:error] [pid 34] [client 172.20.0.1:55218] script '/var/www/html/work.php' not found or unable to stat
AH00558: apache2: Could not reliably determine the server's fully qualified domain name, using 172.20.0.3. Set the 'ServerName' directive globally to suppress this message
[Thu Jan 23 06:49:46.231984 2020] [mpm_prefork:notice] [pid 7] AH00163: Apache/2.4.25 (Debian) PHP/5.6.40 configured -- resuming normal operations
[Thu Jan 23 06:49:46.232519 2020] [core:notice] [pid 7] AH00094: Command line: '/usr/sbin/apache2 -D FOREGROUND'
AH00558: apache2: Could not reliably determine the server's fully qualified domain name, using 172.20.0.3. Set the 'ServerName' directive globally to suppress this message
[Thu Jan 23 06:51:49.391918 2020] [mpm_prefork:notice] [pid 7] AH00163: Apache/2.4.25 (Debian) PHP/5.6.40 configured -- resuming normal operations
[Thu Jan 23 06:51:49.392295 2020] [core:notice] [pid 7] AH00094: Command line: '/usr/sbin/apache2 -D FOREGROUND'
AH00558: apache2: Could not reliably determine the server's fully qualified domain name, using 172.21.0.3. Set the 'ServerName' directive globally to suppress this message
[Fri Jan 24 21:17:26.584361 2020] [mpm_prefork:notice] [pid 8] AH00163: Apache/2.4.25 (Debian) PHP/5.6.40 configured -- resuming normal operations
[Fri Jan 24 21:17:26.590518 2020] [core:notice] [pid 8] AH00094: Command line: '/usr/sbin/apache2 -D FOREGROUND'
AH00558: apache2: Could not reliably determine the server's fully qualified domain name, using 172.21.0.3. Set the 'ServerName' directive globally to suppress this message
[Fri Jan 24 21:19:37.280248 2020] [core:warn] [pid 7] AH00098: pid file /var/run/apache2/apache2.pid overwritten -- Unclean shutdown of previous Apache run?
[Fri Jan 24 21:19:37.284465 2020] [mpm_prefork:notice] [pid 7] AH00163: Apache/2.4.25 (Debian) PHP/5.6.40 configured -- resuming normal operations
[Fri Jan 24 21:19:37.284659 2020] [core:notice] [pid 7] AH00094: Command line: '/usr/sbin/apache2 -D FOREGROUND'
AH00558: apache2: Could not reliably determine the server's fully qualified domain name, using 172.21.0.3. Set the 'ServerName' directive globally to suppress this message
[Fri Jan 24 21:39:28.994496 2020] [core:warn] [pid 7] AH00098: pid file /var/run/apache2/apache2.pid overwritten -- Unclean shutdown of previous Apache run?
[Fri Jan 24 21:39:28.997876 2020] [mpm_prefork:notice] [pid 7] AH00163: Apache/2.4.25 (Debian) PHP/5.6.40 configured -- resuming normal operations
[Fri Jan 24 21:39:28.998430 2020] [core:notice] [pid 7] AH00094: Command line: '/usr/sbin/apache2 -D FOREGROUND'
AH00558: apache2: Could not reliably determine the server's fully qualified domain name, using 172.21.0.3. Set the 'ServerName' directive globally to suppress this message
[Fri Jan 24 21:47:02.707460 2020] [core:warn] [pid 8] AH00098: pid file /var/run/apache2/apache2.pid overwritten -- Unclean shutdown of previous Apache run?
[Fri Jan 24 21:47:02.710014 2020] [mpm_prefork:notice] [pid 8] AH00163: Apache/2.4.25 (Debian) PHP/5.6.40 configured -- resuming normal operations
[Fri Jan 24 21:47:02.710292 2020] [core:notice] [pid 8] AH00094: Command line: '/usr/sbin/apache2 -D FOREGROUND'
AH00558: apache2: Could not reliably determine the server's fully qualified domain name, using 172.21.0.3. Set the 'ServerName' directive globally to suppress this message
[Fri Jan 24 21:50:32.573177 2020] [core:warn] [pid 8] AH00098: pid file /var/run/apache2/apache2.pid overwritten -- Unclean shutdown of previous Apache run?
[Fri Jan 24 21:50:32.578566 2020] [mpm_prefork:notice] [pid 8] AH00163: Apache/2.4.25 (Debian) PHP/5.6.40 configured -- resuming normal operations
[Fri Jan 24 21:50:32.579145 2020] [core:notice] [pid 8] AH00094: Command line: '/usr/sbin/apache2 -D FOREGROUND'
